<?xml version="1.0" encoding="UTF-8"?>
<!-- Generated by org.testng.reporters.JUnitReportReporter -->
<testsuite name="com.exercise.Test.Test4" tests="4" time="3.993" ignored="0" failures="0" timestamp="03 Feb 2019 21:53:29 GMT" skipped="0" hostname="RAKSHASA-PC" errors="0">
  <testcase name="testingOfPUT" time="0.552" classname="com.exercise.Test.Test4"/>
  <testcase name="testingOfDELETE" time="1.894" classname="com.exercise.Test.Test4"/>
  <testcase name="testingOfPOST" time="0.970" classname="com.exercise.Test.Test4"/>
  <testcase name="testingOfGET" time="0.577" classname="com.exercise.Test.Test4"/>
</testsuite> <!-- com.exercise.Test.Test4 -->
