<?xml version="1.0" encoding="UTF-8"?>
<!-- Generated by org.testng.reporters.JUnitReportReporter -->
<testsuite name="com.exercise.Test.Test2" tests="1" time="12.877" ignored="0" failures="0" timestamp="03 Feb 2019 21:53:29 GMT" skipped="0" hostname="RAKSHASA-PC" errors="0">
  <testcase name="testMessageSaving" time="12.877" classname="com.exercise.Test.Test2"/>
</testsuite> <!-- com.exercise.Test.Test2 -->
